dml@dl5491:~$ nmap -A 10.10.10.138
Starting Nmap 7.80 ( https://nmap.org ) at 2025-07-08 18:45 +05
Nmap scan report for 10.10.10.138
Host is up (0.00011s latency).
Not shown: 978 closed ports
PORT     STATE SERVICE     VERSION
21/tcp   open  ftp         vsftpd 2.3.4
|_ftp-anon: Anonymous FTP login allowed (FTP code 230)
| ftp-syst: 
|   STAT: 
| FTP server status:
|      Connected to 10.10.10.109
|      Logged in as ftp
|      TYPE: ASCII
|      No session bandwidth limit
|      Session timeout in seconds is 300
|      Control connection is plain text
|      Data connections will be plain text
|      vsFTPd 2.3.4 - secure, fast, stable
|_End of status
22/tcp   open  ssh         OpenSSH 4.7p1 Debian 8ubuntu1 (protocol 2.0)
| ssh-hostkey: 
|   1024 60:0f:cf:e1:c0:5f:6a:74:d6:90:24:fa:c4:d5:6c:cd (DSA)
|_  2048 56:56:24:0f:21:1d:de:a7:2b:ae:61:b1:24:3d:e8:f3 (RSA)
23/tcp   open  telnet      Linux telnetd
25/tcp   open  smtp        Postfix smtpd
|_smtp-commands: metasploitable.localdomain, PIPELINING, SIZE 10240000, VRFY, ETRN, STARTTLS, ENHANCEDSTATUSCODES, 8BITMIME, DSN, 
|_ssl-date: 2025-07-08T13:45:42+00:00; 0s from scanner time.
| sslv2: 
|   SSLv2 supported
|   ciphers: 
|     SSL2_RC2_128_CBC_WITH_MD5
|     SSL2_RC4_128_EXPORT40_WITH_MD5
|     SSL2_RC2_128_CBC_EXPORT40_WITH_MD5
|     SSL2_RC4_128_WITH_MD5
|     SSL2_DES_192_EDE3_CBC_WITH_MD5
|_    SSL2_DES_64_CBC_WITH_MD5
80/tcp   open  http        Apache httpd 2.2.8 ((Ubuntu) DAV/2)
|_http-server-header: Apache/2.2.8 (Ubuntu) DAV/2
|_http-title: Metasploitable2 - Linux
111/tcp  open  rpcbind     2 (RPC #100000)
139/tcp  open  netbios-ssn Samba smbd 3.X - 4.X (workgroup: WORKGROUP)
445/tcp  open  netbios-ssn Samba smbd 3.X - 4.X (workgroup: WORKGROUP)
512/tcp  open  exec        netkit-rsh rexecd
513/tcp  open  login
514/tcp  open  tcpwrapped
1099/tcp open  java-rmi    GNU Classpath grmiregistry
1524/tcp open  bindshell   Metasploitable root shell
2049/tcp open  nfs         2-4 (RPC #100003)
2121/tcp open  ftp         ProFTPD 1.3.1
3306/tcp open  mysql       MySQL 5.0.51a-3ubuntu5
| mysql-info: 
|   Protocol: 10
|   Version: 5.0.51a-3ubuntu5
|   Thread ID: 9
|   Capabilities flags: 43564
|   Some Capabilities: Support41Auth, LongColumnFlag, ConnectWithDatabase, SupportsCompression, SupportsTransactions, Speaks41ProtocolNew, SwitchToSSLAfterHandshake
|   Status: Autocommit
|_  Salt: yt[KDU\NT9b_611C>LAC
5432/tcp open  postgresql  PostgreSQL DB 8.3.0 - 8.3.7
|_ssl-date: 2025-07-08T13:45:42+00:00; 0s from scanner time.
5900/tcp open  vnc         VNC (protocol 3.3)
| vnc-info: 
|   Protocol version: 3.3
|   Security types: 
|_    VNC Authentication (2)
6000/tcp open  X11         (access denied)
6667/tcp open  irc         UnrealIRCd
| irc-info: 
|   users: 1
|   servers: 1
|   lusers: 1
|   lservers: 0
|   server: irc.Metasploitable.LAN
|   version: Unreal3.2.8.1. irc.Metasploitable.LAN 
|   uptime: 0 days, 0:01:06
|   source ident: nmap
|   source host: FC244037.5CD59B7.59935C67.IP
|_  error: Closing Link: bgpvkuvvm[10.10.10.109] (Quit: bgpvkuvvm)
8009/tcp open  ajp13       Apache Jserv (Protocol v1.3)
|_ajp-methods: Failed to get a valid response for the OPTION request
8180/tcp open  http        Apache Tomcat/Coyote JSP engine 1.1
|_http-favicon: Apache Tomcat
|_http-server-header: Apache-Coyote/1.1
|_http-title: Apache Tomcat/5.5
Service Info: Hosts:  metasploitable.localdomain, irc.Metasploitable.LAN; OSs: Unix, Linux; CPE: cpe:/o:linux:linux_kernel

Host script results:
|_ms-sql-info: ERROR: Script execution failed (use -d to debug)
|_nbstat: NetBIOS name: METASPLOITABLE, NetBIOS user: <unknown>, NetBIOS MAC: <unknown> (unknown)
|_smb-os-discovery: ERROR: Script execution failed (use -d to debug)
|_smb-security-mode: ERROR: Script execution failed (use -d to debug)
|_smb2-time: Protocol negotiation failed (SMB2)

Service detection performed. Please report any incorrect results at https://nmap.org/submit/ .
Nmap done: 1 IP address (1 host up) scanned in 46.56 seconds
dml@dl5491:~$ 


